<?xml version="1.0" encoding="UTF-8"?>
<testsuite xmlns:xsi="http://www.w3.org/2001/XMLSchema-instance" xsi:noNamespaceSchemaLocation="https://maven.apache.org/surefire/maven-surefire-plugin/xsd/surefire-test-report.xsd" name="pizzas.TestPizzas" time="0.034" tests="4" errors="0" skipped="0" failures="0">
  <properties>
[...]
</properties>
  <testcase name="testAjoutPizza" classname="pizzas.TestPizzas" time="0.019"/>
  <testcase name="testPizzaEquals" classname="pizzas.TestPizzas" time="0"/>
  <testcase name="testAjoutIng1" classname="pizzas.TestPizzas" time="0.001"/>
  <testcase name="testPizzaNotEquals" classname="pizzas.TestPizzas" time="0.001"/>
</testsuite>